2019-05-10 08:32:17.987 [main] INFO  com.cmcc.mockcmcc.MockcmccApplication - Starting MockcmccApplication on DESKTOP-BSD9FPH with PID 214088 (C:\mockcmcc\target\classes started by yidongjun in C:\mockcmcc)
2019-05-10 08:32:17.993 [main] INFO  com.cmcc.mockcmcc.MockcmccApplication - No active profile set, falling back to default profiles: default
2019-05-10 08:32:21.286 [main] ERROR org.apache.catalina.core.AprLifecycleListener - An incompatible version [1.1.22] of the APR based Apache Tomcat Native library is installed, while Tomcat requires version [1.2.14]
2019-05-10 08:32:21.625 [main] ERROR org.apache.catalina.core.AprLifecycleListener - An incompatible version [1.1.22] of the APR based Apache Tomcat Native library is installed, while Tomcat requires version [1.2.14]
2019-05-10 08:32:21.924 [main] INFO  o.s.boot.web.embedded.tomcat.TomcatWebServer - Tomcat initialized with port(s): 9090 (http)
2019-05-10 08:32:21.954 [main] ERROR org.apache.catalina.core.AprLifecycleListener - An incompatible version [1.1.22] of the APR based Apache Tomcat Native library is installed, while Tomcat requires version [1.2.14]
2019-05-10 08:32:21.955 [main] INFO  org.apache.coyote.http11.Http11NioProtocol - Initializing ProtocolHandler ["http-nio-9090"]
2019-05-10 08:32:21.971 [main] INFO  org.apache.catalina.core.StandardService - Starting service [Tomcat]
2019-05-10 08:32:21.973 [main] INFO  org.apache.catalina.core.StandardEngine - Starting Servlet engine: [Apache Tomcat/9.0.17]
2019-05-10 08:32:22.199 [main] INFO  o.a.c.core.ContainerBase.[Tomcat].[localhost].[/] - Initializing Spring embedded WebApplicationContext
2019-05-10 08:32:22.200 [main] INFO  org.springframework.web.context.ContextLoader - Root WebApplicationContext: initialization completed in 4126 ms
2019-05-10 08:32:23.490 [main] INFO  o.s.scheduling.concurrent.ThreadPoolTaskExecutor - Initializing ExecutorService 'applicationTaskExecutor'
2019-05-10 08:32:23.700 [main] WARN  org.thymeleaf.templatemode.TemplateMode - [THYMELEAF][main] Template Mode 'HTML5' is deprecated. Using Template Mode 'HTML' instead.
2019-05-10 08:32:23.768 [main] INFO  o.s.b.a.web.servlet.WelcomePageHandlerMapping - Adding welcome page template: index
2019-05-10 08:32:24.036 [main] INFO  org.apache.coyote.http11.Http11NioProtocol - Starting ProtocolHandler ["http-nio-9090"]
2019-05-10 08:32:24.152 [main] INFO  o.s.boot.web.embedded.tomcat.TomcatWebServer - Tomcat started on port(s): 9090 (http) with context path ''
2019-05-10 08:32:24.159 [main] INFO  com.cmcc.mockcmcc.MockcmccApplication - Started MockcmccApplication in 6.78 seconds (JVM running for 8.816)
2019-05-10 08:33:21.030 [main] INFO  com.cmcc.mockcmcc.MockcmccApplication - Starting MockcmccApplication on DESKTOP-BSD9FPH with PID 195784 (C:\mockcmcc\target\classes started by yidongjun in C:\mockcmcc)
2019-05-10 08:33:21.035 [main] INFO  com.cmcc.mockcmcc.MockcmccApplication - No active profile set, falling back to default profiles: default
2019-05-10 08:33:24.245 [main] ERROR org.apache.catalina.core.AprLifecycleListener - An incompatible version [1.1.22] of the APR based Apache Tomcat Native library is installed, while Tomcat requires version [1.2.14]
2019-05-10 08:33:25.070 [main] ERROR org.apache.catalina.core.AprLifecycleListener - An incompatible version [1.1.22] of the APR based Apache Tomcat Native library is installed, while Tomcat requires version [1.2.14]
2019-05-10 08:33:25.362 [main] INFO  o.s.boot.web.embedded.tomcat.TomcatWebServer - Tomcat initialized with port(s): 9090 (http)
2019-05-10 08:33:25.398 [main] ERROR org.apache.catalina.core.AprLifecycleListener - An incompatible version [1.1.22] of the APR based Apache Tomcat Native library is installed, while Tomcat requires version [1.2.14]
2019-05-10 08:33:25.398 [main] INFO  org.apache.coyote.http11.Http11NioProtocol - Initializing ProtocolHandler ["http-nio-9090"]
2019-05-10 08:33:25.435 [main] INFO  org.apache.catalina.core.StandardService - Starting service [Tomcat]
2019-05-10 08:33:25.437 [main] INFO  org.apache.catalina.core.StandardEngine - Starting Servlet engine: [Apache Tomcat/9.0.17]
2019-05-10 08:33:25.722 [main] INFO  o.a.c.core.ContainerBase.[Tomcat].[localhost].[/] - Initializing Spring embedded WebApplicationContext
2019-05-10 08:33:25.722 [main] INFO  org.springframework.web.context.ContextLoader - Root WebApplicationContext: initialization completed in 4537 ms
2019-05-10 08:33:27.176 [main] INFO  o.s.scheduling.concurrent.ThreadPoolTaskExecutor - Initializing ExecutorService 'applicationTaskExecutor'
2019-05-10 08:33:27.505 [main] WARN  org.thymeleaf.templatemode.TemplateMode - [THYMELEAF][main] Template Mode 'HTML5' is deprecated. Using Template Mode 'HTML' instead.
2019-05-10 08:33:27.581 [main] INFO  o.s.b.a.web.servlet.WelcomePageHandlerMapping - Adding welcome page template: index
2019-05-10 08:33:27.930 [main] INFO  org.apache.coyote.http11.Http11NioProtocol - Starting ProtocolHandler ["http-nio-9090"]
2019-05-10 08:33:27.966 [main] ERROR org.apache.catalina.core.AprLifecycleListener - An incompatible version [1.1.22] of the APR based Apache Tomcat Native library is installed, while Tomcat requires version [1.2.14]
2019-05-10 08:33:27.972 [main] ERROR org.apache.catalina.util.LifecycleBase - Failed to start component [Connector[HTTP/1.1-9090]]
org.apache.catalina.LifecycleException: Protocol handler start failed
	at org.apache.catalina.connector.Connector.startInternal(Connector.java:1008)
	at org.apache.catalina.util.LifecycleBase.start(LifecycleBase.java:183)
	at org.apache.catalina.core.StandardService.addConnector(StandardService.java:226)
	at org.springframework.boot.web.embedded.tomcat.TomcatWebServer.addPreviouslyRemovedConnectors(TomcatWebServer.java:259)
	at org.springframework.boot.web.embedded.tomcat.TomcatWebServer.start(TomcatWebServer.java:197)
	at org.springframework.boot.web.servlet.context.ServletWebServerApplicationContext.startWebServer(ServletWebServerApplicationContext.java:311)
	at org.springframework.boot.web.servlet.context.ServletWebServerApplicationContext.finishRefresh(ServletWebServerApplicationContext.java:164)
	at org.springframework.context.support.AbstractApplicationContext.refresh(AbstractApplicationContext.java:552)
	at org.springframework.boot.web.servlet.context.ServletWebServerApplicationContext.refresh(ServletWebServerApplicationContext.java:142)
	at org.springframework.boot.SpringApplication.refresh(SpringApplication.java:775)
	at org.springframework.boot.SpringApplication.refreshContext(SpringApplication.java:397)
	at org.springframework.boot.SpringApplication.run(SpringApplication.java:316)
	at org.springframework.boot.SpringApplication.run(SpringApplication.java:1260)
	at org.springframework.boot.SpringApplication.run(SpringApplication.java:1248)
	at com.cmcc.mockcmcc.MockcmccApplication.main(MockcmccApplication.java:8)
Caused by: java.net.BindException: Address already in use: bind
	at sun.nio.ch.Net.bind0(Native Method)
	at sun.nio.ch.Net.bind(Net.java:433)
	at sun.nio.ch.Net.bind(Net.java:425)
	at sun.nio.ch.ServerSocketChannelImpl.bind(ServerSocketChannelImpl.java:223)
	at sun.nio.ch.ServerSocketAdaptor.bind(ServerSocketAdaptor.java:74)
	at org.apache.tomcat.util.net.NioEndpoint.initServerSocket(NioEndpoint.java:236)
	at org.apache.tomcat.util.net.NioEndpoint.bind(NioEndpoint.java:210)
	at org.apache.tomcat.util.net.AbstractEndpoint.bindWithCleanup(AbstractEndpoint.java:1103)
	at org.apache.tomcat.util.net.AbstractEndpoint.start(AbstractEndpoint.java:1189)
	at org.apache.coyote.AbstractProtocol.start(AbstractProtocol.java:568)
	at org.apache.catalina.connector.Connector.startInternal(Connector.java:1005)
	... 14 common frames omitted
2019-05-10 08:33:27.988 [main] INFO  org.apache.coyote.http11.Http11NioProtocol - Pausing ProtocolHandler ["http-nio-9090"]
2019-05-10 08:33:27.988 [main] INFO  org.apache.catalina.core.StandardService - Stopping service [Tomcat]
2019-05-10 08:33:28.003 [main] INFO  org.apache.catalina.util.LifecycleBase - The stop() method was called on component [StandardServer[-1]] after stop() had already been called. The second call will be ignored.
2019-05-10 08:33:28.006 [main] INFO  org.apache.coyote.http11.Http11NioProtocol - Stopping ProtocolHandler ["http-nio-9090"]
2019-05-10 08:33:28.006 [main] INFO  org.apache.coyote.http11.Http11NioProtocol - Destroying ProtocolHandler ["http-nio-9090"]
2019-05-10 08:33:28.014 [main] INFO  o.s.b.a.l.ConditionEvaluationReportLoggingListener - 

Error starting ApplicationContext. To display the conditions report re-run your application with 'debug' enabled.
2019-05-10 08:33:28.017 [main] ERROR o.s.b.diagnostics.LoggingFailureAnalysisReporter - 

***************************
APPLICATION FAILED TO START
***************************

Description:

The Tomcat connector configured to listen on port 9090 failed to start. The port may already be in use or the connector may be misconfigured.

Action:

Verify the connector's configuration, identify and stop any process that's listening on port 9090, or configure this application to listen on another port.

2019-05-10 08:33:28.027 [main] INFO  o.s.scheduling.concurrent.ThreadPoolTaskExecutor - Shutting down ExecutorService 'applicationTaskExecutor'
2019-05-10 08:33:44.912 [main] INFO  com.cmcc.mockcmcc.MockcmccApplication - Starting MockcmccApplication on DESKTOP-BSD9FPH with PID 190500 (C:\mockcmcc\target\classes started by yidongjun in C:\mockcmcc)
2019-05-10 08:33:44.918 [main] INFO  com.cmcc.mockcmcc.MockcmccApplication - No active profile set, falling back to default profiles: default
2019-05-10 08:33:47.798 [main] ERROR org.apache.catalina.core.AprLifecycleListener - An incompatible version [1.1.22] of the APR based Apache Tomcat Native library is installed, while Tomcat requires version [1.2.14]
2019-05-10 08:33:48.701 [main] ERROR org.apache.catalina.core.AprLifecycleListener - An incompatible version [1.1.22] of the APR based Apache Tomcat Native library is installed, while Tomcat requires version [1.2.14]
2019-05-10 08:33:49.012 [main] INFO  o.s.boot.web.embedded.tomcat.TomcatWebServer - Tomcat initialized with port(s): 9091 (http)
2019-05-10 08:33:49.053 [main] ERROR org.apache.catalina.core.AprLifecycleListener - An incompatible version [1.1.22] of the APR based Apache Tomcat Native library is installed, while Tomcat requires version [1.2.14]
2019-05-10 08:33:49.054 [main] INFO  org.apache.coyote.http11.Http11NioProtocol - Initializing ProtocolHandler ["http-nio-9091"]
2019-05-10 08:33:49.086 [main] INFO  org.apache.catalina.core.StandardService - Starting service [Tomcat]
2019-05-10 08:33:49.088 [main] INFO  org.apache.catalina.core.StandardEngine - Starting Servlet engine: [Apache Tomcat/9.0.17]
2019-05-10 08:33:49.361 [main] INFO  o.a.c.core.ContainerBase.[Tomcat].[localhost].[/] - Initializing Spring embedded WebApplicationContext
2019-05-10 08:33:49.361 [main] INFO  org.springframework.web.context.ContextLoader - Root WebApplicationContext: initialization completed in 4347 ms
2019-05-10 08:33:50.787 [main] INFO  o.s.scheduling.concurrent.ThreadPoolTaskExecutor - Initializing ExecutorService 'applicationTaskExecutor'
2019-05-10 08:33:51.087 [main] WARN  org.thymeleaf.templatemode.TemplateMode - [THYMELEAF][main] Template Mode 'HTML5' is deprecated. Using Template Mode 'HTML' instead.
2019-05-10 08:33:51.160 [main] INFO  o.s.b.a.web.servlet.WelcomePageHandlerMapping - Adding welcome page template: index
2019-05-10 08:33:51.474 [main] INFO  org.apache.coyote.http11.Http11NioProtocol - Starting ProtocolHandler ["http-nio-9091"]
2019-05-10 08:33:51.577 [main] INFO  o.s.boot.web.embedded.tomcat.TomcatWebServer - Tomcat started on port(s): 9091 (http) with context path ''
2019-05-10 08:33:51.585 [main] INFO  com.cmcc.mockcmcc.MockcmccApplication - Started MockcmccApplication in 7.443 seconds (JVM running for 8.741)
2019-05-10 08:37:09.536 [main] INFO  com.cmcc.mockcmcc.MockcmccApplication - Starting MockcmccApplication on DESKTOP-BSD9FPH with PID 218252 (C:\mockcmcc\target\classes started by yidongjun in C:\mockcmcc)
2019-05-10 08:37:09.542 [main] INFO  com.cmcc.mockcmcc.MockcmccApplication - No active profile set, falling back to default profiles: default
2019-05-10 08:37:13.959 [main] ERROR org.apache.catalina.core.AprLifecycleListener - An incompatible version [1.1.22] of the APR based Apache Tomcat Native library is installed, while Tomcat requires version [1.2.14]
2019-05-10 08:37:14.825 [main] ERROR org.apache.catalina.core.AprLifecycleListener - An incompatible version [1.1.22] of the APR based Apache Tomcat Native library is installed, while Tomcat requires version [1.2.14]
2019-05-10 08:37:15.174 [main] INFO  o.s.boot.web.embedded.tomcat.TomcatWebServer - Tomcat initialized with port(s): 9093 (http)
2019-05-10 08:37:15.209 [main] ERROR org.apache.catalina.core.AprLifecycleListener - An incompatible version [1.1.22] of the APR based Apache Tomcat Native library is installed, while Tomcat requires version [1.2.14]
2019-05-10 08:37:15.210 [main] INFO  org.apache.coyote.http11.Http11NioProtocol - Initializing ProtocolHandler ["http-nio-9093"]
2019-05-10 08:37:15.248 [main] INFO  org.apache.catalina.core.StandardService - Starting service [Tomcat]
2019-05-10 08:37:15.250 [main] INFO  org.apache.catalina.core.StandardEngine - Starting Servlet engine: [Apache Tomcat/9.0.17]
2019-05-10 08:37:17.514 [main] INFO  o.a.c.core.ContainerBase.[Tomcat].[localhost].[/] - Initializing Spring embedded WebApplicationContext
2019-05-10 08:37:17.516 [main] INFO  org.springframework.web.context.ContextLoader - Root WebApplicationContext: initialization completed in 7837 ms
2019-05-10 08:37:19.328 [main] INFO  o.s.scheduling.concurrent.ThreadPoolTaskExecutor - Initializing ExecutorService 'applicationTaskExecutor'
2019-05-10 08:37:19.806 [main] WARN  org.thymeleaf.templatemode.TemplateMode - [THYMELEAF][main] Template Mode 'HTML5' is deprecated. Using Template Mode 'HTML' instead.
2019-05-10 08:37:19.969 [main] INFO  o.s.b.a.web.servlet.WelcomePageHandlerMapping - Adding welcome page template: index
2019-05-10 08:37:20.348 [main] INFO  org.apache.coyote.http11.Http11NioProtocol - Starting ProtocolHandler ["http-nio-9093"]
2019-05-10 08:37:20.442 [main] INFO  o.s.boot.web.embedded.tomcat.TomcatWebServer - Tomcat started on port(s): 9093 (http) with context path ''
2019-05-10 08:37:20.451 [main] INFO  com.cmcc.mockcmcc.MockcmccApplication - Started MockcmccApplication in 11.693 seconds (JVM running for 13.152)
2019-05-10 09:52:16.605 [http-nio-9090-exec-2] INFO  o.a.c.core.ContainerBase.[Tomcat].[localhost].[/] - Initializing Spring DispatcherServlet 'dispatcherServlet'
2019-05-10 09:52:16.610 [http-nio-9090-exec-2] INFO  org.springframework.web.servlet.DispatcherServlet - Initializing Servlet 'dispatcherServlet'
2019-05-10 09:52:16.733 [http-nio-9090-exec-2] INFO  org.springframework.web.servlet.DispatcherServlet - Completed initialization in 121 ms
2019-05-10 09:52:16.969 [http-nio-9090-exec-3] INFO  com.cmcc.mockcmcc.util.MockCmccUtil - 去加签的参数:jf000700127.0.0.11asdwebmd51.0.0201905091653508571
2019-05-10 09:52:16.969 [http-nio-9090-exec-2] INFO  com.cmcc.mockcmcc.util.MockCmccUtil - 去加签的参数:jf000700127.0.0.11asdwebmd51.0.0201905091653508571
2019-05-10 09:52:17.364 [http-nio-9090-exec-2] INFO  com.zaxxer.hikari.HikariDataSource - HikariPool-1 - Starting...
2019-05-10 09:52:17.902 [http-nio-9090-exec-1] INFO  com.cmcc.mockcmcc.util.MockCmccUtil - 去加签的参数:jf000700127.0.0.11asdwebmd51.0.0201905091653508571
2019-05-10 09:52:19.717 [http-nio-9090-exec-2] INFO  com.zaxxer.hikari.HikariDataSource - HikariPool-1 - Start completed.
2019-05-10 09:52:19.897 [http-nio-9090-exec-3] INFO  com.cmcc.mockcmcc.controller.CMCCHandler - 返回消息:&interCode=jf0007&partnerId=1&requestId=asd&returnCode=C001&message=查询内容不存在!&signType=md5&version=1.0.0&hmac=bea28b4e1f9c1195f8163d2d7556ebe7
2019-05-10 09:52:19.897 [http-nio-9090-exec-1] INFO  com.cmcc.mockcmcc.controller.CMCCHandler - 返回消息:&interCode=jf0007&partnerId=1&requestId=asd&returnCode=C001&message=查询内容不存在!&signType=md5&version=1.0.0&hmac=bea28b4e1f9c1195f8163d2d7556ebe7
2019-05-10 09:52:19.897 [http-nio-9090-exec-2] INFO  com.cmcc.mockcmcc.controller.CMCCHandler - 返回消息:&interCode=jf0007&partnerId=1&requestId=asd&returnCode=C001&message=查询内容不存在!&signType=md5&version=1.0.0&hmac=bea28b4e1f9c1195f8163d2d7556ebe7
2019-05-10 09:52:19.917 [http-nio-9090-exec-4] INFO  com.cmcc.mockcmcc.util.MockCmccUtil - 去加签的参数:jf000700127.0.0.11asdwebmd51.0.0201905091653508571
2019-05-10 09:52:19.929 [http-nio-9090-exec-4] INFO  com.cmcc.mockcmcc.controller.CMCCHandler - 返回消息:&interCode=jf0007&partnerId=1&requestId=asd&returnCode=C001&message=查询内容不存在!&signType=md5&version=1.0.0&hmac=bea28b4e1f9c1195f8163d2d7556ebe7
2019-05-10 09:52:21.906 [http-nio-9090-exec-9] INFO  com.cmcc.mockcmcc.util.MockCmccUtil - 去加签的参数:jf000700127.0.0.11asdwebmd51.0.0201905091653508571
2019-05-10 09:52:21.916 [http-nio-9090-exec-9] INFO  com.cmcc.mockcmcc.controller.CMCCHandler - 返回消息:&interCode=jf0007&partnerId=1&requestId=asd&returnCode=C001&message=查询内容不存在!&signType=md5&version=1.0.0&hmac=bea28b4e1f9c1195f8163d2d7556ebe7
2019-05-10 09:52:23.904 [http-nio-9090-exec-10] INFO  com.cmcc.mockcmcc.util.MockCmccUtil - 去加签的参数:jf000700127.0.0.11asdwebmd51.0.0201905091653508571
2019-05-10 09:52:23.912 [http-nio-9090-exec-10] INFO  com.cmcc.mockcmcc.controller.CMCCHandler - 返回消息:&interCode=jf0007&partnerId=1&requestId=asd&returnCode=C001&message=查询内容不存在!&signType=md5&version=1.0.0&hmac=bea28b4e1f9c1195f8163d2d7556ebe7
2019-05-10 09:52:25.907 [http-nio-9090-exec-1] INFO  com.cmcc.mockcmcc.util.MockCmccUtil - 去加签的参数:jf000700127.0.0.11asdwebmd51.0.0201905091653508571
2019-05-10 09:52:25.914 [http-nio-9090-exec-1] INFO  com.cmcc.mockcmcc.controller.CMCCHandler - 返回消息:&interCode=jf0007&partnerId=1&requestId=asd&returnCode=C001&message=查询内容不存在!&signType=md5&version=1.0.0&hmac=bea28b4e1f9c1195f8163d2d7556ebe7
2019-05-10 09:52:27.911 [http-nio-9090-exec-2] INFO  com.cmcc.mockcmcc.util.MockCmccUtil - 去加签的参数:jf000700127.0.0.11asdwebmd51.0.0201905091653508571
2019-05-10 09:52:27.921 [http-nio-9090-exec-2] INFO  com.cmcc.mockcmcc.controller.CMCCHandler - 返回消息:&interCode=jf0007&partnerId=1&requestId=asd&returnCode=C001&message=查询内容不存在!&signType=md5&version=1.0.0&hmac=bea28b4e1f9c1195f8163d2d7556ebe7
2019-05-10 09:52:29.918 [http-nio-9090-exec-4] INFO  com.cmcc.mockcmcc.util.MockCmccUtil - 去加签的参数:jf000700127.0.0.11asdwebmd51.0.0201905091653508571
2019-05-10 09:52:29.929 [http-nio-9090-exec-4] INFO  com.cmcc.mockcmcc.controller.CMCCHandler - 返回消息:&interCode=jf0007&partnerId=1&requestId=asd&returnCode=C001&message=查询内容不存在!&signType=md5&version=1.0.0&hmac=bea28b4e1f9c1195f8163d2d7556ebe7
2019-05-10 09:52:31.980 [http-nio-9090-exec-6] INFO  com.cmcc.mockcmcc.util.MockCmccUtil - 去加签的参数:jf000700127.0.0.11asdwebmd51.0.0201905091653508571
2019-05-10 09:52:31.991 [http-nio-9090-exec-6] INFO  com.cmcc.mockcmcc.controller.CMCCHandler - 返回消息:&interCode=jf0007&partnerId=1&requestId=asd&returnCode=C001&message=查询内容不存在!&signType=md5&version=1.0.0&hmac=bea28b4e1f9c1195f8163d2d7556ebe7
2019-05-10 09:52:33.921 [http-nio-9090-exec-8] INFO  com.cmcc.mockcmcc.util.MockCmccUtil - 去加签的参数:jf000700127.0.0.11asdwebmd51.0.0201905091653508571
2019-05-10 09:52:33.929 [http-nio-9090-exec-8] INFO  com.cmcc.mockcmcc.controller.CMCCHandler - 返回消息:&interCode=jf0007&partnerId=1&requestId=asd&returnCode=C001&message=查询内容不存在!&signType=md5&version=1.0.0&hmac=bea28b4e1f9c1195f8163d2d7556ebe7
2019-05-10 09:52:35.924 [http-nio-9090-exec-5] INFO  com.cmcc.mockcmcc.util.MockCmccUtil - 去加签的参数:jf000700127.0.0.11asdwebmd51.0.0201905091653508571
2019-05-10 09:52:35.932 [http-nio-9090-exec-5] INFO  com.cmcc.mockcmcc.controller.CMCCHandler - 返回消息:&interCode=jf0007&partnerId=1&requestId=asd&returnCode=C001&message=查询内容不存在!&signType=md5&version=1.0.0&hmac=bea28b4e1f9c1195f8163d2d7556ebe7
2019-05-10 09:52:37.930 [http-nio-9090-exec-7] INFO  com.cmcc.mockcmcc.util.MockCmccUtil - 去加签的参数:jf000700127.0.0.11asdwebmd51.0.0201905091653508571
2019-05-10 09:52:37.940 [http-nio-9090-exec-7] INFO  com.cmcc.mockcmcc.controller.CMCCHandler - 返回消息:&interCode=jf0007&partnerId=1&requestId=asd&returnCode=C001&message=查询内容不存在!&signType=md5&version=1.0.0&hmac=bea28b4e1f9c1195f8163d2d7556ebe7
2019-05-10 09:52:39.930 [http-nio-9090-exec-10] INFO  com.cmcc.mockcmcc.util.MockCmccUtil - 去加签的参数:jf000700127.0.0.11asdwebmd51.0.0201905091653508571
2019-05-10 09:52:39.939 [http-nio-9090-exec-10] INFO  com.cmcc.mockcmcc.controller.CMCCHandler - 返回消息:&interCode=jf0007&partnerId=1&requestId=asd&returnCode=C001&message=查询内容不存在!&signType=md5&version=1.0.0&hmac=bea28b4e1f9c1195f8163d2d7556ebe7
2019-05-10 09:52:41.933 [http-nio-9090-exec-3] INFO  com.cmcc.mockcmcc.util.MockCmccUtil - 去加签的参数:jf000700127.0.0.11asdwebmd51.0.0201905091653508571
2019-05-10 09:52:41.945 [http-nio-9090-exec-3] INFO  com.cmcc.mockcmcc.controller.CMCCHandler - 返回消息:&interCode=jf0007&partnerId=1&requestId=asd&returnCode=C001&message=查询内容不存在!&signType=md5&version=1.0.0&hmac=bea28b4e1f9c1195f8163d2d7556ebe7
2019-05-10 09:52:43.941 [http-nio-9090-exec-2] INFO  com.cmcc.mockcmcc.util.MockCmccUtil - 去加签的参数:jf000700127.0.0.11asdwebmd51.0.0201905091653508571
2019-05-10 09:52:43.985 [http-nio-9090-exec-2] INFO  com.cmcc.mockcmcc.controller.CMCCHandler - 返回消息:&interCode=jf0007&partnerId=1&requestId=asd&returnCode=C001&message=查询内容不存在!&signType=md5&version=1.0.0&hmac=bea28b4e1f9c1195f8163d2d7556ebe7
2019-05-10 09:52:45.943 [http-nio-9090-exec-4] INFO  com.cmcc.mockcmcc.util.MockCmccUtil - 去加签的参数:jf000700127.0.0.11asdwebmd51.0.0201905091653508571
2019-05-10 09:52:45.953 [http-nio-9090-exec-4] INFO  com.cmcc.mockcmcc.controller.CMCCHandler - 返回消息:&interCode=jf0007&partnerId=1&requestId=asd&returnCode=C001&message=查询内容不存在!&signType=md5&version=1.0.0&hmac=bea28b4e1f9c1195f8163d2d7556ebe7
2019-05-10 09:52:47.947 [http-nio-9090-exec-6] INFO  com.cmcc.mockcmcc.util.MockCmccUtil - 去加签的参数:jf000700127.0.0.11asdwebmd51.0.0201905091653508571
2019-05-10 09:52:47.955 [http-nio-9090-exec-6] INFO  com.cmcc.mockcmcc.controller.CMCCHandler - 返回消息:&interCode=jf0007&partnerId=1&requestId=asd&returnCode=C001&message=查询内容不存在!&signType=md5&version=1.0.0&hmac=bea28b4e1f9c1195f8163d2d7556ebe7
2019-05-10 09:52:49.947 [http-nio-9090-exec-5] INFO  com.cmcc.mockcmcc.util.MockCmccUtil - 去加签的参数:jf000700127.0.0.11asdwebmd51.0.0201905091653508571
2019-05-10 09:52:49.954 [http-nio-9090-exec-5] INFO  com.cmcc.mockcmcc.controller.CMCCHandler - 返回消息:&interCode=jf0007&partnerId=1&requestId=asd&returnCode=C001&message=查询内容不存在!&signType=md5&version=1.0.0&hmac=bea28b4e1f9c1195f8163d2d7556ebe7
2019-05-10 09:52:51.951 [http-nio-9090-exec-9] INFO  com.cmcc.mockcmcc.util.MockCmccUtil - 去加签的参数:jf000700127.0.0.11asdwebmd51.0.0201905091653508571
2019-05-10 09:52:51.992 [http-nio-9090-exec-9] INFO  com.cmcc.mockcmcc.controller.CMCCHandler - 返回消息:&interCode=jf0007&partnerId=1&requestId=asd&returnCode=C001&message=查询内容不存在!&signType=md5&version=1.0.0&hmac=bea28b4e1f9c1195f8163d2d7556ebe7
2019-05-10 09:52:53.954 [http-nio-9090-exec-1] INFO  com.cmcc.mockcmcc.util.MockCmccUtil - 去加签的参数:jf000700127.0.0.11asdwebmd51.0.0201905091653508571
2019-05-10 09:52:53.967 [http-nio-9090-exec-1] INFO  com.cmcc.mockcmcc.controller.CMCCHandler - 返回消息:&interCode=jf0007&partnerId=1&requestId=asd&returnCode=C001&message=查询内容不存在!&signType=md5&version=1.0.0&hmac=bea28b4e1f9c1195f8163d2d7556ebe7
